Copyright 1986-2019 Xilinx, Inc. All Rights Reserved.
-------------------------------------------------------------------------------------------------------------------------------------------------------------------------------------------------------------------
| Tool Version     : Vivado v.2019.2 (lin64) Build 2708876 Wed Nov  6 21:39:14 MST 2019
| Date             : Fri Apr  2 23:40:58 2021
| Host             : yurigagarin running 64-bit Ubuntu 18.04.5 LTS
| Command          : report_power -file design_microblaze_flash_wrapper_power_routed.rpt -pb design_microblaze_flash_wrapper_power_summary_routed.pb -rpx design_microblaze_flash_wrapper_power_routed.rpx
| Design           : design_microblaze_flash_wrapper
| Device           : xc7a50tftg256-1
| Design State     : routed
| Grade            : commercial
| Process          : typical
| Characterization : Production
-------------------------------------------------------------------------------------------------------------------------------------------------------------------------------------------------------------------

Power Report

Table of Contents
-----------------
1. Summary
1.1 On-Chip Components
1.2 Power Supply Summary
1.3 Confidence Level
2. Settings
2.1 Environment
2.2 Clock Constraints
3. Detailed Reports
3.1 By Hierarchy

1. Summary
----------

+--------------------------+--------------+
| Total On-Chip Power (W)  | 0.215        |
| Design Power Budget (W)  | Unspecified* |
| Power Budget Margin (W)  | NA           |
| Dynamic (W)              | 0.141        |
| Device Static (W)        | 0.073        |
| Effective TJA (C/W)      | 4.9          |
| Max Ambient (C)          | 84.0         |
| Junction Temperature (C) | 26.0         |
| Confidence Level         | Low          |
| Setting File             | ---          |
| Simulation Activity File | ---          |
| Design Nets Matched      | NA           |
+--------------------------+--------------+
* Specify Design Power Budget using, set_operating_conditions -design_power_budget <value in Watts>


1.1 On-Chip Components
----------------------

+--------------------------+-----------+----------+-----------+-----------------+
| On-Chip                  | Power (W) | Used     | Available | Utilization (%) |
+--------------------------+-----------+----------+-----------+-----------------+
| Clocks                   |     0.012 |        8 |       --- |             --- |
| Slice Logic              |     0.005 |     5999 |       --- |             --- |
|   LUT as Logic           |     0.004 |     1980 |     32600 |            6.07 |
|   LUT as Distributed RAM |    <0.001 |      112 |      9600 |            1.17 |
|   Register               |    <0.001 |     2325 |     65200 |            3.57 |
|   CARRY4                 |    <0.001 |       78 |      8150 |            0.96 |
|   F7/F8 Muxes            |    <0.001 |      112 |     32600 |            0.34 |
|   LUT as Shift Register  |    <0.001 |       76 |      9600 |            0.79 |
|   Others                 |    <0.001 |      688 |       --- |             --- |
| Signals                  |     0.009 |     3938 |       --- |             --- |
| Block RAM                |     0.008 |       32 |        75 |           42.67 |
| MMCM                     |     0.107 |        1 |         5 |           20.00 |
| I/O                      |    <0.001 |        7 |       170 |            4.12 |
| Static Power             |     0.073 |          |           |                 |
| Total                    |     0.215 |          |           |                 |
+--------------------------+-----------+----------+-----------+-----------------+


1.2 Power Supply Summary
------------------------

+-----------+-------------+-----------+-------------+------------+
| Source    | Voltage (V) | Total (A) | Dynamic (A) | Static (A) |
+-----------+-------------+-----------+-------------+------------+
| Vccint    |       1.000 |     0.045 |       0.034 |      0.011 |
| Vccaux    |       1.800 |     0.072 |       0.059 |      0.013 |
| Vcco33    |       3.300 |     0.001 |       0.000 |      0.001 |
| Vcco25    |       2.500 |     0.000 |       0.000 |      0.000 |
| Vcco18    |       1.800 |     0.000 |       0.000 |      0.000 |
| Vcco15    |       1.500 |     0.000 |       0.000 |      0.000 |
| Vcco135   |       1.350 |     0.000 |       0.000 |      0.000 |
| Vcco12    |       1.200 |     0.000 |       0.000 |      0.000 |
| Vccaux_io |       1.800 |     0.000 |       0.000 |      0.000 |
| Vccbram   |       1.000 |     0.002 |       0.001 |      0.001 |
| MGTAVcc   |       1.000 |     0.000 |       0.000 |      0.000 |
| MGTAVtt   |       1.200 |     0.000 |       0.000 |      0.000 |
| Vccadc    |       1.800 |     0.020 |       0.000 |      0.020 |
+-----------+-------------+-----------+-------------+------------+


1.3 Confidence Level
--------------------

+-----------------------------+------------+--------------------------------------------------------+------------------------------------------------------------------------------------------------------------+
| User Input Data             | Confidence | Details                                                | Action                                                                                                     |
+-----------------------------+------------+--------------------------------------------------------+------------------------------------------------------------------------------------------------------------+
| Design implementation state | High       | Design is routed                                       |                                                                                                            |
| Clock nodes activity        | High       | User specified more than 95% of clocks                 |                                                                                                            |
| I/O nodes activity          | Low        | More than 75% of inputs are missing user specification | Provide missing input activity with simulation results or by editing the "By Resource Type -> I/Os" view   |
| Internal nodes activity     | Medium     | User specified less than 25% of internal nodes         | Provide missing internal nodes activity with simulation results or by editing the "By Resource Type" views |
| Device models               | High       | Device models are Production                           |                                                                                                            |
|                             |            |                                                        |                                                                                                            |
| Overall confidence level    | Low        |                                                        |                                                                                                            |
+-----------------------------+------------+--------------------------------------------------------+------------------------------------------------------------------------------------------------------------+


2. Settings
-----------

2.1 Environment
---------------

+-----------------------+--------------------------+
| Ambient Temp (C)      | 25.0                     |
| ThetaJA (C/W)         | 4.9                      |
| Airflow (LFM)         | 250                      |
| Heat Sink             | medium (Medium Profile)  |
| ThetaSA (C/W)         | 4.6                      |
| Board Selection       | medium (10"x10")         |
| # of Board Layers     | 12to15 (12 to 15 Layers) |
| Board Temperature (C) | 25.0                     |
+-----------------------+--------------------------+


2.2 Clock Constraints
---------------------

+---------------------------------------------------------------------------+---------------------------------------------------------------------------------------+-----------------+
| Clock                                                                     | Domain                                                                                | Constraint (ns) |
+---------------------------------------------------------------------------+---------------------------------------------------------------------------------------+-----------------+
| clk_out1_design_microblaze_flash_clk_wiz_1_1                              | design_microblaze_flash_i/clk_wiz_1/inst/clk_out1_design_microblaze_flash_clk_wiz_1_1 |            10.0 |
| clk_out2_design_microblaze_flash_clk_wiz_1_1                              | design_microblaze_flash_i/clk_wiz_1/inst/clk_out2_design_microblaze_flash_clk_wiz_1_1 |            20.0 |
| clkfbout_design_microblaze_flash_clk_wiz_1_1                              | design_microblaze_flash_i/clk_wiz_1/inst/clkfbout_design_microblaze_flash_clk_wiz_1_1 |             5.0 |
| design_microblaze_flash_i/mdm_1/U0/Use_E2.BSCAN_I/Use_E2.BSCANE2_I/DRCK   | design_microblaze_flash_i/mdm_1/U0/Use_E2.BSCAN_I/DRCK                                |            33.3 |
| design_microblaze_flash_i/mdm_1/U0/Use_E2.BSCAN_I/Use_E2.BSCANE2_I/UPDATE | design_microblaze_flash_i/mdm_1/U0/Use_E2.BSCAN_I/Ext_JTAG_UPDATE                     |            33.3 |
| sys_clk                                                                   | sys_clk                                                                               |             5.0 |
+---------------------------------------------------------------------------+---------------------------------------------------------------------------------------+-----------------+


3. Detailed Reports
-------------------

3.1 By Hierarchy
----------------

+---------------------------------+-----------+
| Name                            | Power (W) |
+---------------------------------+-----------+
| design_microblaze_flash_wrapper |     0.141 |
|   design_microblaze_flash_i     |     0.141 |
|     axi_quad_spi_0              |     0.004 |
|       U0                        |     0.004 |
|     axi_timer_0                 |     0.002 |
|       U0                        |     0.002 |
|     clk_wiz_1                   |     0.108 |
|       inst                      |     0.108 |
|     microblaze_0                |     0.015 |
|       U0                        |     0.015 |
|     microblaze_0_axi_intc       |     0.001 |
|       U0                        |     0.001 |
|     microblaze_0_local_memory   |     0.008 |
|       lmb_bram                  |     0.008 |
+---------------------------------+-----------+


