Copyright 1986-2019 Xilinx, Inc. All Rights Reserved.
------------------------------------------------------------------------------------------------------
| Tool Version : Vivado v.2019.2 (lin64) Build 2708876 Wed Nov  6 21:39:14 MST 2019
| Date         : Fri Apr  2 23:22:21 2021
| Host         : yurigagarin running 64-bit Ubuntu 18.04.5 LTS
| Command      : report_control_sets -verbose -file design_microblaze_wrapper_control_sets_placed.rpt
| Design       : design_microblaze_wrapper
| Device       : xc7a50t
------------------------------------------------------------------------------------------------------

Control Set Information

Table of Contents
-----------------
1. Summary
2. Histogram
3. Flip-Flop Distribution
4. Detailed Control Set Information

1. Summary
----------

+----------------------------------------------------------+-------+
|                          Status                          | Count |
+----------------------------------------------------------+-------+
| Total control sets                                       |    84 |
|    Minimum number of control sets                        |    84 |
|    Addition due to synthesis replication                 |     0 |
|    Addition due to physical synthesis replication        |     0 |
| Unused register locations in slices containing registers |   255 |
+----------------------------------------------------------+-------+
* Control sets can be merged at opt_design using control_set_merge or merge_equivalent_drivers
** Run report_qor_suggestions for automated merging and remapping suggestions


2. Histogram
------------

+--------------------+-------+
|       Fanout       | Count |
+--------------------+-------+
| Total control sets |    84 |
| >= 0 to < 4        |    15 |
| >= 4 to < 6        |    11 |
| >= 6 to < 8        |     9 |
| >= 8 to < 10       |    10 |
| >= 10 to < 12      |     5 |
| >= 12 to < 14      |     1 |
| >= 14 to < 16      |     1 |
| >= 16              |    32 |
+--------------------+-------+
* Control sets can be remapped at either synth_design or opt_design


3. Flip-Flop Distribution
-------------------------

+--------------+-----------------------+------------------------+-----------------+--------------+
| Clock Enable | Synchronous Set/Reset | Asynchronous Set/Reset | Total Registers | Total Slices |
+--------------+-----------------------+------------------------+-----------------+--------------+
| No           | No                    | No                     |             297 |           95 |
| No           | No                    | Yes                    |              29 |           10 |
| No           | Yes                   | No                     |             326 |          129 |
| Yes          | No                    | No                     |             255 |           71 |
| Yes          | No                    | Yes                    |              15 |            8 |
| Yes          | Yes                   | No                     |             799 |          249 |
+--------------+-----------------------+------------------------+-----------------+--------------+


4. Detailed Control Set Information
-----------------------------------

+---------------------------------------------------------------------+---------------------------------------------------------------------------------------------------------------------------------------------------------------------------------------------------------------------+---------------------------------------------------------------------------------------------------------------------------------------------------------+------------------+----------------+
|                             Clock Signal                            |                                                                                                    Enable Signal                                                                                                    |                                                                     Set/Reset Signal                                                                    | Slice Load Count | Bel Load Count |
+---------------------------------------------------------------------+---------------------------------------------------------------------------------------------------------------------------------------------------------------------------------------------------------------------+---------------------------------------------------------------------------------------------------------------------------------------------------------+------------------+----------------+
|  design_microblaze_i/clk_wiz_1/inst/clk_out1                        | design_microblaze_i/microblaze_0/U0/MicroBlaze_Core_I/Performance.Core/Decode_I/Use_MuxCy[3].OF_Piperun_Stage/MUXCY_I/Using_FPGA.Native_0                                                                           |                                                                                                                                                         |                1 |              1 |
| ~design_microblaze_i/mdm_1/U0/No_Dbg_Reg_Access.BUFG_DRCK/Dbg_Clk_0 | design_microblaze_i/mdm_1/U0/MDM_Core_I1/JTAG_CONTROL_I/Use_BSCAN.FDC_I/CE                                                                                                                                          | design_microblaze_i/mdm_1/U0/MDM_Core_I1/JTAG_CONTROL_I/Use_BSCAN.FDC_I/D_1                                                                             |                1 |              1 |
|  design_microblaze_i/mdm_1/U0/Use_E2.BSCAN_I/Ext_JTAG_UPDATE_BUFG   | design_microblaze_i/microblaze_0/U0/MicroBlaze_Core_I/Performance.Core/Use_Debug_Logic.Master_Core.Debug_Perf/Control_Reg_En                                                                                        | design_microblaze_i/microblaze_0/U0/MicroBlaze_Core_I/Performance.Core/Use_Debug_Logic.Master_Core.Debug_Perf/Serial_Dbg_Intf.continue_from_brk_reg_n_0 |                1 |              1 |
|  design_microblaze_i/mdm_1/U0/Use_E2.BSCAN_I/Ext_JTAG_UPDATE_BUFG   | design_microblaze_i/microblaze_0/U0/MicroBlaze_Core_I/Performance.Core/Use_Debug_Logic.Master_Core.Debug_Perf/Control_Reg_En                                                                                        | design_microblaze_i/microblaze_0/U0/MicroBlaze_Core_I/Performance.Core/Use_Debug_Logic.Master_Core.Debug_Perf/Serial_Dbg_Intf.normal_stop_cmd_i_reg_n_0 |                1 |              1 |
|  design_microblaze_i/mdm_1/U0/Use_E2.BSCAN_I/Ext_JTAG_UPDATE_BUFG   | design_microblaze_i/microblaze_0/U0/MicroBlaze_Core_I/Performance.Core/Use_Debug_Logic.Master_Core.Debug_Perf/Control_Reg_En                                                                                        | design_microblaze_i/microblaze_0/U0/MicroBlaze_Core_I/Performance.Core/Use_Debug_Logic.Master_Core.Debug_Perf/Serial_Dbg_Intf.force_stop_cmd_i_reg_0    |                1 |              1 |
|  design_microblaze_i/clk_wiz_1/inst/clk_out1                        |                                                                                                                                                                                                                     | design_microblaze_i/microblaze_0/U0/MicroBlaze_Core_I/Performance.Core/Use_Debug_Logic.Master_Core.Debug_Perf/capture_1                                 |                1 |              1 |
|  design_microblaze_i/mdm_1/U0/Use_E2.BSCAN_I/Ext_JTAG_UPDATE_BUFG   | design_microblaze_i/microblaze_0/U0/MicroBlaze_Core_I/Performance.Core/Use_Debug_Logic.Master_Core.Debug_Perf/Control_Reg_En                                                                                        | design_microblaze_i/microblaze_0/U0/MicroBlaze_Core_I/Performance.Core/Use_Debug_Logic.Master_Core.Debug_Perf/start_single_step_reg_n_0                 |                1 |              1 |
|  design_microblaze_i/clk_wiz_1/inst/clk_out1                        |                                                                                                                                                                                                                     | design_microblaze_i/axi_timer_0/U0/TC_CORE_I/TIMER_CONTROL_I/READ_DONE0_I_i_1_n_0                                                                       |                1 |              1 |
| ~design_microblaze_i/mdm_1/U0/Use_E2.BSCAN_I/Ext_JTAG_UPDATE_BUFG   |                                                                                                                                                                                                                     | design_microblaze_i/mdm_1/U0/MDM_Core_I1/JTAG_CONTROL_I/sel_n                                                                                           |                1 |              1 |
|  design_microblaze_i/mdm_1/U0/No_Dbg_Reg_Access.BUFG_DRCK/Dbg_Clk_0 | design_microblaze_i/mdm_1/U0/Use_E2.BSCAN_I/Use_BSCAN.PORT_Selector_reg[0]                                                                                                                                          | design_microblaze_i/mdm_1/U0/MDM_Core_I1/JTAG_CONTROL_I/sel_with_scan_reset                                                                             |                1 |              1 |
|  design_microblaze_i/clk_wiz_1/inst/clk_out1                        |                                                                                                                                                                                                                     | design_microblaze_i/axi_timer_0/U0/AXI4_LITE_I/I_SLAVE_ATTACHMENT/I_DECODER/GEN_BKEND_CE_REGISTERS[0].ce_out_i_reg[0]_0                                 |                1 |              1 |
|  design_microblaze_i/clk_wiz_1/inst/clk_out1                        |                                                                                                                                                                                                                     | design_microblaze_i/axi_timer_0/U0/AXI4_LITE_I/I_SLAVE_ATTACHMENT/I_DECODER/GEN_BKEND_CE_REGISTERS[4].ce_out_i_reg[4]_0                                 |                1 |              1 |
|  design_microblaze_i/mdm_1/U0/Use_E2.BSCAN_I/Ext_JTAG_UPDATE_BUFG   | design_microblaze_i/microblaze_0/U0/MicroBlaze_Core_I/Performance.Core/Use_Debug_Logic.Master_Core.Debug_Perf/Command_Reg_En                                                                                        | design_microblaze_i/microblaze_0/U0/MicroBlaze_Core_I/Performance.Core/Use_Debug_Logic.Master_Core.Debug_Perf/command_reg_clear                         |                1 |              2 |
|  design_microblaze_i/clk_wiz_1/inst/clk_out1                        | design_microblaze_i/microblaze_0/U0/MicroBlaze_Core_I/Performance.Core/Decode_I/Use_MuxCy[11].OF_Piperun_Stage/MUXCY_I/of_pause_reg                                                                                 |                                                                                                                                                         |                1 |              2 |
|  design_microblaze_i/mdm_1/U0/Use_E2.BSCAN_I/Ext_JTAG_UPDATE_BUFG   |                                                                                                                                                                                                                     |                                                                                                                                                         |                2 |              3 |
|  design_microblaze_i/mdm_1/U0/No_Dbg_Reg_Access.BUFG_DRCK/Dbg_Clk_0 | design_microblaze_i/mdm_1/U0/MDM_Core_I1/TDI_Shifter0                                                                                                                                                               | design_microblaze_i/mdm_1/U0/Use_E2.BSCAN_I/AR[0]                                                                                                       |                1 |              4 |
|  design_microblaze_i/clk_wiz_1/inst/clk_out1                        | design_microblaze_i/axi_uartlite_0/U0/AXI_LITE_IPIF_I/I_SLAVE_ATTACHMENT/start2                                                                                                                                     | design_microblaze_i/axi_uartlite_0/U0/AXI_LITE_IPIF_I/I_SLAVE_ATTACHMENT/I_DECODER/cs_ce_clr                                                            |                1 |              4 |
|  design_microblaze_i/clk_wiz_1/inst/clk_out1                        | design_microblaze_i/axi_timer_0/U0/AXI4_LITE_I/I_SLAVE_ATTACHMENT/bus2ip_addr_i[4]_i_1_n_0                                                                                                                          | design_microblaze_i/axi_timer_0/U0/AXI4_LITE_I/I_SLAVE_ATTACHMENT/rst                                                                                   |                1 |              4 |
|  design_microblaze_i/clk_wiz_1/inst/clk_out1                        | design_microblaze_i/axi_uartlite_0/U0/UARTLITE_CORE_I/BAUD_RATE_I/p_11_out[0]                                                                                                                                       |                                                                                                                                                         |                2 |              4 |
|  design_microblaze_i/clk_wiz_1/inst/clk_out1                        |                                                                                                                                                                                                                     | design_microblaze_i/microblaze_0_axi_intc/U0/AXI_LITE_IPIF_I/I_SLAVE_ATTACHMENT/INCLUDE_DPHASE_TIMER.dpto_cnt[3]_i_1_n_0                                |                1 |              4 |
|  design_microblaze_i/clk_wiz_1/inst/clk_out1                        | design_microblaze_i/axi_timer_0/U0/AXI4_LITE_I/I_SLAVE_ATTACHMENT/I_DECODER/pair0_Select                                                                                                                            | design_microblaze_i/axi_timer_0/U0/TC_CORE_I/COUNTER_0_I/COUNTER_I/s_axi_aresetn_0                                                                      |                1 |              4 |
| ~design_microblaze_i/mdm_1/U0/Use_E2.BSCAN_I/Ext_JTAG_UPDATE_BUFG   |                                                                                                                                                                                                                     | design_microblaze_i/mdm_1/U0/Use_E2.BSCAN_I/AR[0]                                                                                                       |                1 |              4 |
|  design_microblaze_i/mdm_1/U0/Use_E2.BSCAN_I/Ext_JTAG_UPDATE_BUFG   | design_microblaze_i/mdm_1/U0/MDM_Core_I1/MDM_SEL                                                                                                                                                                    | design_microblaze_i/mdm_1/U0/Use_E2.BSCAN_I/AR[0]                                                                                                       |                1 |              4 |
|  design_microblaze_i/clk_wiz_1/inst/clk_out1                        | design_microblaze_i/microblaze_0/U0/MicroBlaze_Core_I/Performance.Core/Decode_I/wb_Halted                                                                                                                           | design_microblaze_i/microblaze_0/U0/MicroBlaze_Core_I/sync_reset                                                                                        |                1 |              5 |
|  design_microblaze_i/mdm_1/U0/Use_E2.BSCAN_I/Ext_JTAG_UPDATE_BUFG   | design_microblaze_i/microblaze_0/U0/MicroBlaze_Core_I/Performance.Core/Use_Debug_Logic.Master_Core.Debug_Perf/Control_Reg_En                                                                                        |                                                                                                                                                         |                1 |              5 |
|  design_microblaze_i/clk_wiz_1/inst/clk_out1                        |                                                                                                                                                                                                                     | design_microblaze_i/rst_clk_wiz_1_100M/U0/EXT_LPF/lpf_int                                                                                               |                1 |              5 |
|  design_microblaze_i/mdm_1/U0/No_Dbg_Reg_Access.BUFG_DRCK/Dbg_Clk_0 | design_microblaze_i/mdm_1/U0/MDM_Core_I1/JTAG_CONTROL_I/Use_BSCAN.FDC_I/Use_BSCAN.command_reg[5][0]                                                                                                                 |                                                                                                                                                         |                1 |              6 |
|  design_microblaze_i/clk_wiz_1/inst/clk_out1                        | design_microblaze_i/rst_clk_wiz_1_100M/U0/SEQ/seq_cnt_en                                                                                                                                                            | design_microblaze_i/rst_clk_wiz_1_100M/U0/SEQ/SEQ_COUNTER/clear                                                                                         |                1 |              6 |
|  design_microblaze_i/clk_wiz_1/inst/clk_out1                        |                                                                                                                                                                                                                     | design_microblaze_i/axi_timer_0/U0/AXI4_LITE_I/I_SLAVE_ATTACHMENT/INCLUDE_DPHASE_TIMER.dpto_cnt[5]_i_1_n_0                                              |                2 |              6 |
|  design_microblaze_i/clk_wiz_1/inst/clk_out1                        |                                                                                                                                                                                                                     | design_microblaze_i/axi_uartlite_0/U0/UARTLITE_CORE_I/UARTLITE_RX_I/SRL_FIFO_I/I_SRL_FIFO_RBU_F/CNTR_INCR_DECR_ADDN_F_I/SS[0]                           |                2 |              6 |
|  design_microblaze_i/clk_wiz_1/inst/clk_out1                        |                                                                                                                                                                                                                     | design_microblaze_i/axi_uartlite_0/U0/UARTLITE_CORE_I/UARTLITE_TX_I/SRL_FIFO_I/I_SRL_FIFO_RBU_F/CNTR_INCR_DECR_ADDN_F_I/SS[0]                           |                2 |              6 |
|  design_microblaze_i/mdm_1/U0/No_Dbg_Reg_Access.BUFG_DRCK/Dbg_Clk_0 | design_microblaze_i/mdm_1/U0/Use_E2.BSCAN_I/Use_BSCAN.command_reg[5][0]                                                                                                                                             |                                                                                                                                                         |                3 |              6 |
|  design_microblaze_i/mdm_1/U0/No_Dbg_Reg_Access.BUFG_DRCK/Dbg_Clk_0 | design_microblaze_i/mdm_1/U0/Use_E2.BSCAN_I/E[0]                                                                                                                                                                    |                                                                                                                                                         |                2 |              6 |
|  design_microblaze_i/clk_wiz_1/inst/clk_out1                        | design_microblaze_i/axi_timer_0/U0/AXI4_LITE_I/I_SLAVE_ATTACHMENT/start2                                                                                                                                            | design_microblaze_i/axi_timer_0/U0/AXI4_LITE_I/I_SLAVE_ATTACHMENT/I_DECODER/cs_ce_clr                                                                   |                2 |              7 |
|  design_microblaze_i/clk_wiz_1/inst/clk_out1                        | design_microblaze_i/axi_uartlite_0/U0/UARTLITE_CORE_I/BAUD_RATE_I/p_11_out[0]                                                                                                                                       | design_microblaze_i/axi_uartlite_0/U0/UARTLITE_CORE_I/UARTLITE_RX_I/SERIAL_TO_PARALLEL[8].fifo_din[8]_i_1_n_0                                           |                2 |              7 |
|  design_microblaze_i/mdm_1/U0/No_Dbg_Reg_Access.BUFG_DRCK/Dbg_Clk_0 | design_microblaze_i/mdm_1/U0/MDM_Core_I1/JTAG_CONTROL_I/tdi_shifter0                                                                                                                                                |                                                                                                                                                         |                2 |              8 |
|  design_microblaze_i/clk_wiz_1/inst/clk_out1                        | design_microblaze_i/axi_uartlite_0/U0/AXI_LITE_IPIF_I/I_SLAVE_ATTACHMENT/s_axi_rresp_i                                                                                                                              | design_microblaze_i/axi_uartlite_0/U0/AXI_LITE_IPIF_I/I_SLAVE_ATTACHMENT/rst                                                                            |                2 |              8 |
|  design_microblaze_i/mdm_1/U0/No_Dbg_Reg_Access.BUFG_DRCK/Dbg_Clk_0 | design_microblaze_i/microblaze_0/U0/MicroBlaze_Core_I/Performance.Core/Use_Debug_Logic.Master_Core.Debug_Perf/Using_PC_Breakpoints.All_PC_Brks[0].Serial_Interface_1.address_hit_I/Compare[0].SRLC16E_I/which_pc__0 |                                                                                                                                                         |                7 |              8 |
| ~design_microblaze_i/mdm_1/U0/Use_E2.BSCAN_I/Ext_JTAG_UPDATE_BUFG   | design_microblaze_i/mdm_1/U0/MDM_Core_I1/JTAG_CONTROL_I/Use_BSCAN.command[0]_i_1_n_0                                                                                                                                |                                                                                                                                                         |                3 |              8 |
|  design_microblaze_i/mdm_1/U0/Use_E2.BSCAN_I/Ext_JTAG_UPDATE_BUFG   | design_microblaze_i/mdm_1/U0/MDM_Core_I1/JTAG_CONTROL_I/Use_BSCAN.FDC_I/Use_BSCAN.PORT_Selector_reg[2][0]                                                                                                           |                                                                                                                                                         |                1 |              8 |
|  design_microblaze_i/clk_wiz_1/inst/clk_out1                        | design_microblaze_i/axi_timer_0/U0/AXI4_LITE_I/I_SLAVE_ATTACHMENT/I_DECODER/bus2ip_wrce[0]                                                                                                                          | design_microblaze_i/axi_timer_0/U0/TC_CORE_I/COUNTER_0_I/COUNTER_I/s_axi_aresetn_0                                                                      |                2 |              8 |
|  design_microblaze_i/clk_wiz_1/inst/clk_out1                        | design_microblaze_i/axi_uartlite_0/U0/AXI_LITE_IPIF_I/I_SLAVE_ATTACHMENT/I_DECODER/fifo_wr                                                                                                                          |                                                                                                                                                         |                1 |              8 |
|  design_microblaze_i/clk_wiz_1/inst/clk_out1                        | design_microblaze_i/axi_uartlite_0/U0/UARTLITE_CORE_I/UARTLITE_RX_I/SRL_FIFO_I/I_SRL_FIFO_RBU_F/DYNSHREG_F_I/fifo_wr                                                                                                |                                                                                                                                                         |                1 |              8 |
|  design_microblaze_i/clk_wiz_1/inst/clk_out1                        | design_microblaze_i/microblaze_0_axi_intc/U0/AXI_LITE_IPIF_I/I_SLAVE_ATTACHMENT/bus2ip_addr_i[8]_i_1_n_0                                                                                                            | design_microblaze_i/microblaze_0_axi_intc/U0/AXI_LITE_IPIF_I/I_SLAVE_ATTACHMENT/rst                                                                     |                2 |              8 |
|  design_microblaze_i/clk_wiz_1/inst/clk_out1                        | design_microblaze_i/axi_timer_0/U0/AXI4_LITE_I/I_SLAVE_ATTACHMENT/I_DECODER/bus2ip_wrce[1]                                                                                                                          | design_microblaze_i/axi_timer_0/U0/TC_CORE_I/COUNTER_0_I/COUNTER_I/s_axi_aresetn_0                                                                      |                3 |              9 |
|  design_microblaze_i/clk_wiz_1/inst/clk_out1                        |                                                                                                                                                                                                                     | design_microblaze_i/axi_timer_0/U0/TC_CORE_I/COUNTER_0_I/COUNTER_I/s_axi_aresetn_0                                                                      |                3 |             10 |
|  design_microblaze_i/mdm_1/U0/No_Dbg_Reg_Access.BUFG_DRCK/Dbg_Clk_0 | design_microblaze_i/mdm_1/U0/MDM_Core_I1/JTAG_CONTROL_I/Use_BSCAN.FDC_I/E[0]                                                                                                                                        |                                                                                                                                                         |                3 |             10 |
|  design_microblaze_i/clk_wiz_1/inst/clk_out1                        |                                                                                                                                                                                                                     | design_microblaze_i/axi_uartlite_0/U0/AXI_LITE_IPIF_I/I_SLAVE_ATTACHMENT/rst                                                                            |                4 |             10 |
|  design_microblaze_i/clk_wiz_1/inst/clk_out1                        |                                                                                                                                                                                                                     | design_microblaze_i/axi_timer_0/U0/AXI4_LITE_I/I_SLAVE_ATTACHMENT/rst                                                                                   |                5 |             11 |
|  design_microblaze_i/clk_wiz_1/inst/clk_out1                        |                                                                                                                                                                                                                     | design_microblaze_i/microblaze_0_axi_intc/U0/AXI_LITE_IPIF_I/I_SLAVE_ATTACHMENT/rst                                                                     |                5 |             11 |
|  design_microblaze_i/clk_wiz_1/inst/clk_out1                        |                                                                                                                                                                                                                     | design_microblaze_i/microblaze_0_axi_periph/xbar/inst/gen_sasd.crossbar_sasd_0/addr_arbiter_inst/SR[0]                                                  |                5 |             13 |
|  design_microblaze_i/clk_wiz_1/inst/clk_out1                        | design_microblaze_i/microblaze_0_axi_periph/xbar/inst/gen_sasd.crossbar_sasd_0/reg_slice_r/aa_rready                                                                                                                |                                                                                                                                                         |                5 |             15 |
|  design_microblaze_i/clk_wiz_1/inst/clk_out1                        | design_microblaze_i/microblaze_0/U0/MicroBlaze_Core_I/Performance.Core/Decode_I/PreFetch_Buffer_I1/Instruction_Prefetch_Mux[4].Gen_Instr_DFF/E[0]                                                                   | design_microblaze_i/microblaze_0/U0/MicroBlaze_Core_I/sync_reset                                                                                        |                7 |             16 |
|  design_microblaze_i/clk_wiz_1/inst/clk_out1                        | design_microblaze_i/microblaze_0_axi_intc/U0/AXI_LITE_IPIF_I/I_SLAVE_ATTACHMENT/start2                                                                                                                              | design_microblaze_i/microblaze_0_axi_intc/U0/AXI_LITE_IPIF_I/I_SLAVE_ATTACHMENT/I_DECODER/cs_ce_clr                                                     |                4 |             19 |
|  design_microblaze_i/clk_wiz_1/inst/clk_out1                        | design_microblaze_i/microblaze_0/U0/MicroBlaze_Core_I/Performance.Core/Decode_I/mem_wait_on_ready_N_carry_or/MUXCY_I/lopt_1                                                                                         | design_microblaze_i/microblaze_0/U0/MicroBlaze_Core_I/sync_reset                                                                                        |                6 |             21 |
|  design_microblaze_i/clk_wiz_1/inst/clk_out1                        | design_microblaze_i/microblaze_0_axi_periph/xbar/inst/gen_sasd.crossbar_sasd_0/addr_arbiter_inst/p_0_in1_in                                                                                                         | design_microblaze_i/microblaze_0_axi_periph/xbar/inst/gen_sasd.crossbar_sasd_0/addr_arbiter_inst/SR[0]                                                  |                4 |             23 |
|  design_microblaze_i/mdm_1/U0/No_Dbg_Reg_Access.BUFG_DRCK/Dbg_Clk_0 |                                                                                                                                                                                                                     | design_microblaze_i/mdm_1/U0/Use_E2.BSCAN_I/shift_n_reset                                                                                               |                7 |             23 |
|  design_microblaze_i/clk_wiz_1/inst/clk_out1                        |                                                                                                                                                                                                                     | design_microblaze_i/axi_uartlite_0/U0/UARTLITE_CORE_I/UARTLITE_RX_I/SR[0]                                                                               |                7 |             26 |
|  design_microblaze_i/clk_wiz_1/inst/clk_out1                        |                                                                                                                                                                                                                     | design_microblaze_i/microblaze_0_axi_intc/U0/INTC_CORE_I/SR[0]                                                                                          |                9 |             27 |
|  design_microblaze_i/clk_wiz_1/inst/clk_out1                        | design_microblaze_i/axi_uartlite_0/U0/UARTLITE_CORE_I/BAUD_RATE_I/p_11_out[0]                                                                                                                                       | design_microblaze_i/axi_uartlite_0/U0/UARTLITE_CORE_I/UARTLITE_RX_I/SR[0]                                                                               |                6 |             28 |
|  design_microblaze_i/clk_wiz_1/inst/clk_out1                        | design_microblaze_i/microblaze_0/U0/MicroBlaze_Core_I/Performance.Core/Decode_I/PreFetch_Buffer_I1/Gen_Mux_Select_LUT6[2].Gen_Sel_DFF/Using_FPGA.Native_0[0]                                                        | design_microblaze_i/microblaze_0/U0/MicroBlaze_Core_I/sync_reset                                                                                        |                9 |             32 |
|  design_microblaze_i/clk_wiz_1/inst/clk_out1                        | design_microblaze_i/axi_timer_0/U0/TC_CORE_I/TIMER_CONTROL_I/CE                                                                                                                                                     | design_microblaze_i/axi_timer_0/U0/TC_CORE_I/COUNTER_0_I/COUNTER_I/s_axi_aresetn_0                                                                      |                9 |             32 |
|  design_microblaze_i/mdm_1/U0/No_Dbg_Reg_Access.BUFG_DRCK/Dbg_Clk_0 | design_microblaze_i/microblaze_0/U0/MicroBlaze_Core_I/Performance.Core/Use_Debug_Logic.Master_Core.Debug_Perf/New_Dbg_Instr_TCK                                                                                     |                                                                                                                                                         |               12 |             32 |
|  design_microblaze_i/clk_wiz_1/inst/clk_out1                        |                                                                                                                                                                                                                     | design_microblaze_i/microblaze_0/U0/MicroBlaze_Core_I/Performance.Core/wb_dlmb_valid_read_data0                                                         |               13 |             32 |
|  design_microblaze_i/clk_wiz_1/inst/clk_out1                        | design_microblaze_i/microblaze_0/U0/MicroBlaze_Core_I/Performance.Core/Decode_I/Use_MuxCy[3].OF_Piperun_Stage/MUXCY_I/E[0]                                                                                          | design_microblaze_i/microblaze_0/U0/MicroBlaze_Core_I/sync_reset                                                                                        |                6 |             32 |
|  design_microblaze_i/clk_wiz_1/inst/clk_out1                        | design_microblaze_i/axi_timer_0/U0/AXI4_LITE_I/I_SLAVE_ATTACHMENT/s_axi_rresp_i                                                                                                                                     | design_microblaze_i/axi_timer_0/U0/AXI4_LITE_I/I_SLAVE_ATTACHMENT/rst                                                                                   |               32 |             32 |
|  design_microblaze_i/clk_wiz_1/inst/clk_out1                        | design_microblaze_i/microblaze_0/U0/MicroBlaze_Core_I/Performance.Core/Decode_I/mem_wait_on_ready_N_carry_or/MUXCY_I/lopt_1                                                                                         | design_microblaze_i/microblaze_0/U0/MicroBlaze_Core_I/Performance.Core/Decode_I/SR[0]                                                                   |               12 |             32 |
|  design_microblaze_i/clk_wiz_1/inst/clk_out1                        | design_microblaze_i/microblaze_0/U0/MicroBlaze_Core_I/Performance.Core/Decode_I/Use_MuxCy[3].OF_Piperun_Stage/MUXCY_I/Using_FPGA.Native_0                                                                           | design_microblaze_i/microblaze_0/U0/MicroBlaze_Core_I/Performance.Core/Decode_I/R                                                                       |               10 |             32 |
|  design_microblaze_i/clk_wiz_1/inst/clk_out1                        | design_microblaze_i/microblaze_0_axi_intc/U0/AXI_LITE_IPIF_I/I_SLAVE_ATTACHMENT/s_axi_rresp_i                                                                                                                       | design_microblaze_i/microblaze_0_axi_intc/U0/AXI_LITE_IPIF_I/I_SLAVE_ATTACHMENT/rst                                                                     |                7 |             32 |
|  design_microblaze_i/clk_wiz_1/inst/clk_out1                        | design_microblaze_i/microblaze_0/U0/MicroBlaze_Core_I/Performance.Core/Use_Debug_Logic.Master_Core.Debug_Perf/data_rd_reg[0]_i_1_n_0                                                                                | design_microblaze_i/microblaze_0/U0/MicroBlaze_Core_I/sync_reset                                                                                        |                9 |             32 |
|  design_microblaze_i/clk_wiz_1/inst/clk_out1                        | design_microblaze_i/microblaze_0_axi_intc/U0/INTC_CORE_I/irq                                                                                                                                                        |                                                                                                                                                         |                6 |             32 |
|  design_microblaze_i/clk_wiz_1/inst/clk_out1                        | design_microblaze_i/microblaze_0_axi_periph/xbar/inst/gen_sasd.crossbar_sasd_0/addr_arbiter_inst/s_axi_rvalid[0]                                                                                                    | design_microblaze_i/microblaze_0/U0/MicroBlaze_Core_I/sync_reset                                                                                        |               10 |             32 |
|  design_microblaze_i/clk_wiz_1/inst/clk_out1                        | design_microblaze_i/axi_timer_0/U0/TC_CORE_I/TIMER_CONTROL_I/INPUT_DOUBLE_REGS3/GENERATE_LEVEL_P_S_CDC.SINGLE_BIT.CROSS_PLEVEL_IN2SCNDRY_s_level_out_d4_0                                                           | design_microblaze_i/axi_timer_0/U0/TC_CORE_I/COUNTER_0_I/COUNTER_I/s_axi_aresetn_0                                                                      |                5 |             32 |
|  design_microblaze_i/clk_wiz_1/inst/clk_out1                        | design_microblaze_i/microblaze_0_axi_periph/xbar/inst/gen_sasd.crossbar_sasd_0/addr_arbiter_inst/E[0]                                                                                                               |                                                                                                                                                         |                8 |             33 |
|  design_microblaze_i/clk_wiz_1/inst/clk_out1                        | design_microblaze_i/microblaze_0/U0/MicroBlaze_Core_I/Performance.Core/Decode_I/mem_wait_on_ready_N_carry_or/MUXCY_I/lopt_1                                                                                         |                                                                                                                                                         |                8 |             34 |
|  design_microblaze_i/mdm_1/U0/No_Dbg_Reg_Access.BUFG_DRCK/Dbg_Clk_0 | design_microblaze_i/mdm_1/U0/Use_E2.BSCAN_I/Use_BSCAN.PORT_Selector_reg[0]                                                                                                                                          |                                                                                                                                                         |               12 |             47 |
|  design_microblaze_i/clk_wiz_1/inst/clk_out1                        | design_microblaze_i/microblaze_0_axi_intc/U0/AXI_LITE_IPIF_I/I_SLAVE_ATTACHMENT/I_DECODER/bus2ip_wrce[0]                                                                                                            |                                                                                                                                                         |                8 |             64 |
|  design_microblaze_i/clk_wiz_1/inst/clk_out1                        | design_microblaze_i/microblaze_0/U0/MicroBlaze_Core_I/Performance.Core/Decode_I/PreFetch_Buffer_I1/Instruction_Prefetch_Mux[42].Instr_Mux_MUXF7/IReady_0                                                            |                                                                                                                                                         |               10 |             75 |
|  design_microblaze_i/mdm_1/U0/No_Dbg_Reg_Access.BUFG_DRCK/Dbg_Clk_0 |                                                                                                                                                                                                                     |                                                                                                                                                         |               25 |             80 |
|  design_microblaze_i/clk_wiz_1/inst/clk_out1                        | design_microblaze_i/microblaze_0/U0/MicroBlaze_Core_I/Performance.Core/Decode_I/Use_MuxCy[3].OF_Piperun_Stage/MUXCY_I/Using_FPGA.Native_0                                                                           | design_microblaze_i/microblaze_0/U0/MicroBlaze_Core_I/sync_reset                                                                                        |               26 |             80 |
|  design_microblaze_i/clk_wiz_1/inst/clk_out1                        | design_microblaze_i/microblaze_0/U0/MicroBlaze_Core_I/Performance.Core/Decode_I/Performance_Debug_Control.dbg_state_nohalt_reg[27]                                                                                  |                                                                                                                                                         |               16 |            128 |
|  design_microblaze_i/clk_wiz_1/inst/clk_out1                        |                                                                                                                                                                                                                     | design_microblaze_i/microblaze_0/U0/MicroBlaze_Core_I/sync_reset                                                                                        |               67 |            156 |
|  design_microblaze_i/clk_wiz_1/inst/clk_out1                        | design_microblaze_i/microblaze_0/U0/MicroBlaze_Core_I/Performance.Core/Decode_I/Use_MuxCy[11].OF_Piperun_Stage/MUXCY_I/of_pause_reg                                                                                 | design_microblaze_i/microblaze_0/U0/MicroBlaze_Core_I/sync_reset                                                                                        |               68 |            221 |
|  design_microblaze_i/clk_wiz_1/inst/clk_out1                        |                                                                                                                                                                                                                     |                                                                                                                                                         |               72 |            231 |
+---------------------------------------------------------------------+---------------------------------------------------------------------------------------------------------------------------------------------------------------------------------------------------------------------+---------------------------------------------------------------------------------------------------------------------------------------------------------+------------------+----------------+


